<?xml version="1.0" encoding="UTF-8"?>
<!-- Generated by org.testng.reporters.JUnitReportReporter -->
<testsuite hostname="Comp" failures="0" tests="2" name="myprojects.automation.assignment5.tests.PlaceOrderTest" time="59.263" errors="0" timestamp="05 лип. 2018 08:55:43 GMT" skipped="1">
  <testcase classname="myprojects.automation.assignment5.tests.PlaceOrderTest" name="checkSignature" time="59.263"/>
  <testcase classname="myprojects.automation.assignment5.tests.PlaceOrderTest" name="checkFileUpload">
    <skipped/>
  </testcase> <!-- checkFileUpload -->
</testsuite> <!-- myprojects.automation.assignment5.tests.PlaceOrderTest -->
